Using pre-set license
Built from '2020.3/staging' branch; Version is '2020.3.0f1 (c7b5465681fb) revision 13088070'; Using compiler version '192528614'; Build Type 'Release'
OS: 'Windows 10 Education; OS build 19042.867; Version 2009; 64bit' Language: 'ko' Physical Memory: 16295 MB
BatchMode: 1, IsHumanControllingUs: 0, StartBugReporterOnCrash: 0, Is64bit: 1, IsPro: 0

 COMMAND LINE ARGUMENTS:
C:\Program Files\Unity\Hub\Editor\2020.3.0f1\Editor\Unity.exe
-adb2
-batchMode
-noUpm
-name
AssetImportWorker0
-projectPath
D:/강의자료 및 과제/C#게임 그래픽스/Project/EscapeCat
-logFile
Logs/AssetImportWorker0.log
-srvPort
53934
Successfully changed project path to: D:/강의자료 및 과제/C#게임 그래픽스/Project/EscapeCat
D:/강의자료 및 과제/C#게임 그래픽스/Project/EscapeCat
Using Asset Import Pipeline V2.
Refreshing native plugins compatible for Editor in 23.15 ms, found 1 plugins.
Preloading 0 native plugins for Editor in 0.00 ms.
Initialize engine version: 2020.3.0f1 (c7b5465681fb)
[Subsystems] Discovering subsystems at path C:/Program Files/Unity/Hub/Editor/2020.3.0f1/Editor/Data/Resources/UnitySubsystems
[Subsystems] Discovering subsystems at path D:/강의자료 및 과제/C#게임 그래픽스/Project/EscapeCat/Assets
GfxDevice: creating device client; threaded=0
Direct3D:
    Version:  Direct3D 11.0 [level 11.1]
    Renderer: NVIDIA GeForce RTX 3060 Ti (ID=0x2486)
    Vendor:   
    VRAM:     8050 MB
    Driver:   27.21.14.6589
Initialize mono
Mono path[0] = 'C:/Program Files/Unity/Hub/Editor/2020.3.0f1/Editor/Data/Managed'
Mono path[1] = 'C:/Program Files/Unity/Hub/Editor/2020.3.0f1/Editor/Data/MonoBleedingEdge/lib/mono/unityjit'
Mono config path = 'C:/Program Files/Unity/Hub/Editor/2020.3.0f1/Editor/Data/MonoBleedingEdge/etc'
Using monoOptions --debugger-agent=transport=dt_socket,embedding=1,server=y,suspend=n,address=127.0.0.1:56848
Begin MonoManager ReloadAssembly
Registering precompiled unity dll's ...
Register platform support module: C:/Program Files/Unity/Hub/Editor/2020.3.0f1/Editor/Data/PlaybackEngines/WindowsStandaloneSupport/UnityEditor.WindowsStandalone.Extensions.dll
Registered in 0.001494 seconds.
Native extension for WindowsStandalone target not found
Refreshing native plugins compatible for Editor in 23.58 ms, found 1 plugins.
Preloading 0 native plugins for Editor in 0.00 ms.
Invoked RoslynAnalysisRunner static constructor.
RoslynAnalysisRunner will not be running.
RoslynAnalysisRunner has terminated.
Mono: successfully reloaded assembly
- Completed reload, in  1.404 seconds
Platform modules already initialized, skipping
Registering precompiled user dll's ...
Registered in 0.000457 seconds.
Begin MonoManager ReloadAssembly
Native extension for WindowsStandalone target not found
Refreshing native plugins compatible for Editor in 23.60 ms, found 1 plugins.
Preloading 0 native plugins for Editor in 0.00 ms.
Invoked RoslynAnalysisRunner static constructor.
RoslynAnalysisRunner will not be running.
RoslynAnalysisRunner has terminated.
Mono: successfully reloaded assembly
- Completed reload, in  0.598 seconds
Platform modules already initialized, skipping
========================================================================
Worker process is ready to serve import requests
Launched and connected shader compiler UnityShaderCompiler.exe after 0.03 seconds
Refreshing native plugins compatible for Editor in 0.35 ms, found 1 plugins.
Preloading 0 native plugins for Editor in 0.00 ms.
Unloading 1810 Unused Serialized files (Serialized files now loaded: 0)
System memory in use before: 84.7 MB.
System memory in use after: 84.7 MB.

Unloading 24 unused Assets to reduce memory usage. Loaded Objects now: 2253.
Total: 1.896000 ms (FindLiveObjects: 0.196300 ms CreateObjectMapping: 0.074700 ms MarkObjects: 1.514200 ms  DeleteObjects: 0.110000 ms)

========================================================================
Received Import Request.
  path: Assets/Scenes/SampleScene.unity
  artifactKey: Guid(2cda990e2423bbf4892e6590ba056729) Importer(815301076,1909f56bfc062723c751e8b465ee728b)
Start importing Assets/Scenes/SampleScene.unity using Guid(2cda990e2423bbf4892e6590ba056729) Importer(815301076,1909f56bfc062723c751e8b465ee728b)  -> (artifact id: 'a5c856bbd4fc45e1c873c61c9fc9fb9b') in 0.029727 seconds
  Import took 0.032025 seconds .

========================================================================
Received Prepare
Registering precompiled user dll's ...
Registered in 0.000561 seconds.
Begin MonoManager ReloadAssembly
Native extension for WindowsStandalone target not found
Refreshing native plugins compatible for Editor in 0.35 ms, found 1 plugins.
Preloading 0 native plugins for Editor in 0.00 ms.
Invoked RoslynAnalysisRunner static constructor.
RoslynAnalysisRunner will not be running.
RoslynAnalysisRunner has terminated.
Mono: successfully reloaded assembly
- Completed reload, in  0.575 seconds
Platform modules already initialized, skipping
Refreshing native plugins compatible for Editor in 0.34 ms, found 1 plugins.
Preloading 0 native plugins for Editor in 0.00 ms.
Unloading 1805 Unused Serialized files (Serialized files now loaded: 0)
System memory in use before: 84.7 MB.
System memory in use after: 84.7 MB.

Unloading 12 unused Assets to reduce memory usage. Loaded Objects now: 2257.
Total: 1.952400 ms (FindLiveObjects: 0.198400 ms CreateObjectMapping: 0.058000 ms MarkObjects: 1.566000 ms  DeleteObjects: 0.129200 ms)

========================================================================
Received Import Request.
  Time since last request: 219.662603 seconds.
  path: Assets/Script/Controller_Player.cs
  artifactKey: Guid(4873ee35082a31243b136516c7af79af) Importer(815301076,1909f56bfc062723c751e8b465ee728b)
Start importing Assets/Script/Controller_Player.cs using Guid(4873ee35082a31243b136516c7af79af) Importer(815301076,1909f56bfc062723c751e8b465ee728b)  -> (artifact id: '5a369384d684ed2bf0bea1ecee93daa7') in 0.109937 seconds
  Import took 0.112512 seconds .

========================================================================
Received Import Request.
  Time since last request: 1.402392 seconds.
  path: Assets/Script/UIManager_Game.cs
  artifactKey: Guid(a58dab49cef29dc4a9264b8fdb5ab78f) Importer(815301076,1909f56bfc062723c751e8b465ee728b)
Start importing Assets/Script/UIManager_Game.cs using Guid(a58dab49cef29dc4a9264b8fdb5ab78f) Importer(815301076,1909f56bfc062723c751e8b465ee728b)  -> (artifact id: 'c0d3a828fcad886b97bd560aa7c63cbf') in 0.177389 seconds
  Import took 0.180841 seconds .

========================================================================
Received Import Request.
  Time since last request: 0.001724 seconds.
  path: Assets/Script/UIManager_Game.cs
  artifactKey: Guid(a58dab49cef29dc4a9264b8fdb5ab78f) Importer(815301076,1909f56bfc062723c751e8b465ee728b)
Start importing Assets/Script/UIManager_Game.cs using Guid(a58dab49cef29dc4a9264b8fdb5ab78f) Importer(815301076,1909f56bfc062723c751e8b465ee728b)  -> (artifact id: 'c0d3a828fcad886b97bd560aa7c63cbf') in 0.041439 seconds
  Import took 0.043488 seconds .

AssetImportWorkerClient::OnTransportError - code=2 error=End of file
