Using pre-set license
Built from '2020.3/staging' branch; Version is '2020.3.0f1 (c7b5465681fb) revision 13088070'; Using compiler version '192528614'; Build Type 'Release'
OS: 'Windows 10 Education; OS build 19042.928; Version 2009; 64bit' Language: 'ko' Physical Memory: 16295 MB
BatchMode: 1, IsHumanControllingUs: 0, StartBugReporterOnCrash: 0, Is64bit: 1, IsPro: 0

 COMMAND LINE ARGUMENTS:
C:\Program Files\Unity\Hub\Editor\2020.3.0f1\Editor\Unity.exe
-adb2
-batchMode
-noUpm
-name
AssetImportWorker0
-projectPath
C:/Users/User/Desktop/CloudClimb
-logFile
Logs/AssetImportWorker0.log
-srvPort
59431
Successfully changed project path to: C:/Users/User/Desktop/CloudClimb
C:/Users/User/Desktop/CloudClimb
Using Asset Import Pipeline V2.
Refreshing native plugins compatible for Editor in 25.01 ms, found 1 plugins.
Preloading 0 native plugins for Editor in 0.00 ms.
Initialize engine version: 2020.3.0f1 (c7b5465681fb)
[Subsystems] Discovering subsystems at path C:/Program Files/Unity/Hub/Editor/2020.3.0f1/Editor/Data/Resources/UnitySubsystems
[Subsystems] Discovering subsystems at path C:/Users/User/Desktop/CloudClimb/Assets
GfxDevice: creating device client; threaded=0
Direct3D:
    Version:  Direct3D 11.0 [level 11.1]
    Renderer: NVIDIA GeForce RTX 3060 Ti (ID=0x2486)
    Vendor:   
    VRAM:     8050 MB
    Driver:   27.21.14.6611
Initialize mono
Mono path[0] = 'C:/Program Files/Unity/Hub/Editor/2020.3.0f1/Editor/Data/Managed'
Mono path[1] = 'C:/Program Files/Unity/Hub/Editor/2020.3.0f1/Editor/Data/MonoBleedingEdge/lib/mono/unityjit'
Mono config path = 'C:/Program Files/Unity/Hub/Editor/2020.3.0f1/Editor/Data/MonoBleedingEdge/etc'
Using monoOptions --debugger-agent=transport=dt_socket,embedding=1,server=y,suspend=n,address=127.0.0.1:56008
Begin MonoManager ReloadAssembly
Registering precompiled unity dll's ...
Register platform support module: C:/Program Files/Unity/Hub/Editor/2020.3.0f1/Editor/Data/PlaybackEngines/WindowsStandaloneSupport/UnityEditor.WindowsStandalone.Extensions.dll
Registered in 0.001313 seconds.
Native extension for WindowsStandalone target not found
Refreshing native plugins compatible for Editor in 24.15 ms, found 1 plugins.
Preloading 0 native plugins for Editor in 0.00 ms.
Invoked RoslynAnalysisRunner static constructor.
RoslynAnalysisRunner will not be running.
RoslynAnalysisRunner has terminated.
Mono: successfully reloaded assembly
- Completed reload, in  1.430 seconds
Platform modules already initialized, skipping
Registering precompiled user dll's ...
Registered in 0.000574 seconds.
Begin MonoManager ReloadAssembly
Native extension for WindowsStandalone target not found
Refreshing native plugins compatible for Editor in 25.48 ms, found 1 plugins.
Preloading 0 native plugins for Editor in 0.00 ms.
Invoked RoslynAnalysisRunner static constructor.
RoslynAnalysisRunner will not be running.
RoslynAnalysisRunner has terminated.
Mono: successfully reloaded assembly
- Completed reload, in  0.632 seconds
Platform modules already initialized, skipping
========================================================================
Worker process is ready to serve import requests
Launched and connected shader compiler UnityShaderCompiler.exe after 0.03 seconds
Refreshing native plugins compatible for Editor in 0.37 ms, found 1 plugins.
Preloading 0 native plugins for Editor in 0.00 ms.
Unloading 1807 Unused Serialized files (Serialized files now loaded: 0)
System memory in use before: 84.6 MB.
System memory in use after: 84.6 MB.

Unloading 24 unused Assets to reduce memory usage. Loaded Objects now: 2250.
Total: 1.797900 ms (FindLiveObjects: 0.171200 ms CreateObjectMapping: 0.045300 ms MarkObjects: 1.479400 ms  DeleteObjects: 0.101100 ms)

========================================================================
Received Import Request.
  path: Assets/Animation/catWalk.anim
  artifactKey: Guid(d656a4363eb28744bac2b78f752e7ce9) Importer(815301076,1909f56bfc062723c751e8b465ee728b)
Start importing Assets/Animation/catWalk.anim using Guid(d656a4363eb28744bac2b78f752e7ce9) Importer(815301076,1909f56bfc062723c751e8b465ee728b)  -> (artifact id: '39dd5def0297b75f9863a14be1fd056f') in 0.025292 seconds
  Import took 0.027803 seconds .

========================================================================
Received Import Request.
  Time since last request: 0.000133 seconds.
  path: Assets/Animation/cat.controller
  artifactKey: Guid(45041c771b73bab4ab23755ce1be0fe6) Importer(815301076,1909f56bfc062723c751e8b465ee728b)
Start importing Assets/Animation/cat.controller using Guid(45041c771b73bab4ab23755ce1be0fe6) Importer(815301076,1909f56bfc062723c751e8b465ee728b)  -> (artifact id: 'bf8e4d1f9dca4a97a79193f4a6c498e8') in 0.006352 seconds
  Import took 0.008291 seconds .

========================================================================
Received Import Request.
  Time since last request: 647.037304 seconds.
  path: Assets/Animation/catJump.anim
  artifactKey: Guid(b0c7d5f97b45c6d43adfb5faa6d5de90) Importer(815301076,1909f56bfc062723c751e8b465ee728b)
Start importing Assets/Animation/catJump.anim using Guid(b0c7d5f97b45c6d43adfb5faa6d5de90) Importer(815301076,1909f56bfc062723c751e8b465ee728b)  -> (artifact id: '75f8e4009df3c7d7e30d7ea84ae5580e') in 0.005950 seconds
  Import took 0.008551 seconds .

========================================================================
Received Import Request.
  Time since last request: 30.684017 seconds.
  path: Assets/Animation/catJump.anim
  artifactKey: Guid(b0c7d5f97b45c6d43adfb5faa6d5de90) Importer(815301076,1909f56bfc062723c751e8b465ee728b)
Start importing Assets/Animation/catJump.anim using Guid(b0c7d5f97b45c6d43adfb5faa6d5de90) Importer(815301076,1909f56bfc062723c751e8b465ee728b)  -> (artifact id: 'd729a919b0bb63a9f53b9a8f73ba044c') in 0.001903 seconds
  Import took 0.004029 seconds .

========================================================================
Received Import Request.
  Time since last request: 84.732478 seconds.
  path: Assets/Animation/cat.controller
  artifactKey: Guid(45041c771b73bab4ab23755ce1be0fe6) Importer(815301076,1909f56bfc062723c751e8b465ee728b)
Start importing Assets/Animation/cat.controller using Guid(45041c771b73bab4ab23755ce1be0fe6) Importer(815301076,1909f56bfc062723c751e8b465ee728b)  -> (artifact id: '0facbce04bf054e7f4d1e19f5da06914') in 0.002197 seconds
  Import took 0.004472 seconds .

========================================================================
Received Import Request.
  Time since last request: 1040.489106 seconds.
  path: Assets/Script/Controller_Player.cs
  artifactKey: Guid(86925ab31a4cd574788ee218a5800834) Importer(815301076,1909f56bfc062723c751e8b465ee728b)
Start importing Assets/Script/Controller_Player.cs using Guid(86925ab31a4cd574788ee218a5800834) Importer(815301076,1909f56bfc062723c751e8b465ee728b)  -> (artifact id: '1c6dc0dd2e0cd6d60c5f8e8671ddfcf2') in 0.011167 seconds
  Import took 0.013841 seconds .

========================================================================
Received Prepare
Registering precompiled user dll's ...
Registered in 0.000547 seconds.
Begin MonoManager ReloadAssembly
Native extension for WindowsStandalone target not found
Refreshing native plugins compatible for Editor in 0.39 ms, found 1 plugins.
Preloading 0 native plugins for Editor in 0.00 ms.
Invoked RoslynAnalysisRunner static constructor.
RoslynAnalysisRunner will not be running.
RoslynAnalysisRunner has terminated.
Mono: successfully reloaded assembly
- Completed reload, in  0.578 seconds
Platform modules already initialized, skipping
Refreshing native plugins compatible for Editor in 0.32 ms, found 1 plugins.
Preloading 0 native plugins for Editor in 0.00 ms.
Unloading 1802 Unused Serialized files (Serialized files now loaded: 0)
System memory in use before: 84.6 MB.
System memory in use after: 84.6 MB.

Unloading 12 unused Assets to reduce memory usage. Loaded Objects now: 2254.
Total: 1.759300 ms (FindLiveObjects: 0.194400 ms CreateObjectMapping: 0.041500 ms MarkObjects: 1.426100 ms  DeleteObjects: 0.096100 ms)

========================================================================
Received Prepare
Registering precompiled user dll's ...
Registered in 0.000603 seconds.
Begin MonoManager ReloadAssembly
Native extension for WindowsStandalone target not found
Refreshing native plugins compatible for Editor in 0.36 ms, found 1 plugins.
Preloading 0 native plugins for Editor in 0.00 ms.
Invoked RoslynAnalysisRunner static constructor.
RoslynAnalysisRunner will not be running.
RoslynAnalysisRunner has terminated.
Mono: successfully reloaded assembly
- Completed reload, in  0.589 seconds
Platform modules already initialized, skipping
Refreshing native plugins compatible for Editor in 0.35 ms, found 1 plugins.
Preloading 0 native plugins for Editor in 0.00 ms.
Unloading 1802 Unused Serialized files (Serialized files now loaded: 0)
System memory in use before: 84.6 MB.
System memory in use after: 84.6 MB.

Unloading 12 unused Assets to reduce memory usage. Loaded Objects now: 2258.
Total: 2.044200 ms (FindLiveObjects: 0.220700 ms CreateObjectMapping: 0.072000 ms MarkObjects: 1.662500 ms  DeleteObjects: 0.088100 ms)

========================================================================
Received Import Request.
  Time since last request: 188.795212 seconds.
  path: Assets/Animation/cat.controller
  artifactKey: Guid(45041c771b73bab4ab23755ce1be0fe6) Importer(815301076,1909f56bfc062723c751e8b465ee728b)
Start importing Assets/Animation/cat.controller using Guid(45041c771b73bab4ab23755ce1be0fe6) Importer(815301076,1909f56bfc062723c751e8b465ee728b)  -> (artifact id: 'ae3bcfc258a30435131f224e865d90bc') in 0.011433 seconds
  Import took 0.014091 seconds .

========================================================================
Received Prepare
Registering precompiled user dll's ...
Registered in 0.000593 seconds.
Begin MonoManager ReloadAssembly
Native extension for WindowsStandalone target not found
Refreshing native plugins compatible for Editor in 0.36 ms, found 1 plugins.
Preloading 0 native plugins for Editor in 0.00 ms.
Invoked RoslynAnalysisRunner static constructor.
RoslynAnalysisRunner will not be running.
RoslynAnalysisRunner has terminated.
Mono: successfully reloaded assembly
- Completed reload, in  0.574 seconds
Platform modules already initialized, skipping
Refreshing native plugins compatible for Editor in 0.36 ms, found 1 plugins.
Preloading 0 native plugins for Editor in 0.00 ms.
Unloading 1802 Unused Serialized files (Serialized files now loaded: 0)
System memory in use before: 84.7 MB.
System memory in use after: 84.6 MB.

Unloading 12 unused Assets to reduce memory usage. Loaded Objects now: 2262.
Total: 1.761700 ms (FindLiveObjects: 0.173600 ms CreateObjectMapping: 0.055400 ms MarkObjects: 1.445000 ms  DeleteObjects: 0.086900 ms)

========================================================================
Received Prepare
Registering precompiled user dll's ...
Registered in 0.000584 seconds.
Begin MonoManager ReloadAssembly
Native extension for WindowsStandalone target not found
Refreshing native plugins compatible for Editor in 0.37 ms, found 1 plugins.
Preloading 0 native plugins for Editor in 0.00 ms.
Invoked RoslynAnalysisRunner static constructor.
RoslynAnalysisRunner will not be running.
RoslynAnalysisRunner has terminated.
Mono: successfully reloaded assembly
- Completed reload, in  0.594 seconds
Platform modules already initialized, skipping
Refreshing native plugins compatible for Editor in 0.36 ms, found 1 plugins.
Preloading 0 native plugins for Editor in 0.00 ms.
Unloading 1802 Unused Serialized files (Serialized files now loaded: 0)
System memory in use before: 84.7 MB.
System memory in use after: 84.7 MB.

Unloading 12 unused Assets to reduce memory usage. Loaded Objects now: 2266.
Total: 1.690700 ms (FindLiveObjects: 0.200100 ms CreateObjectMapping: 0.042000 ms MarkObjects: 1.351100 ms  DeleteObjects: 0.096600 ms)

========================================================================
Received Prepare
Registering precompiled user dll's ...
Registered in 0.001065 seconds.
Begin MonoManager ReloadAssembly
Native extension for WindowsStandalone target not found
Refreshing native plugins compatible for Editor in 0.36 ms, found 1 plugins.
Preloading 0 native plugins for Editor in 0.00 ms.
Invoked RoslynAnalysisRunner static constructor.
RoslynAnalysisRunner will not be running.
RoslynAnalysisRunner has terminated.
Mono: successfully reloaded assembly
- Completed reload, in  0.600 seconds
Platform modules already initialized, skipping
Refreshing native plugins compatible for Editor in 0.36 ms, found 1 plugins.
Preloading 0 native plugins for Editor in 0.00 ms.
Unloading 1802 Unused Serialized files (Serialized files now loaded: 0)
System memory in use before: 84.7 MB.
System memory in use after: 84.7 MB.

Unloading 12 unused Assets to reduce memory usage. Loaded Objects now: 2270.
Total: 2.510800 ms (FindLiveObjects: 0.318500 ms CreateObjectMapping: 0.049900 ms MarkObjects: 2.042900 ms  DeleteObjects: 0.098300 ms)

========================================================================
Received Prepare
Registering precompiled user dll's ...
Registered in 0.000914 seconds.
Begin MonoManager ReloadAssembly
Native extension for WindowsStandalone target not found
Refreshing native plugins compatible for Editor in 0.36 ms, found 1 plugins.
Preloading 0 native plugins for Editor in 0.00 ms.
Invoked RoslynAnalysisRunner static constructor.
RoslynAnalysisRunner will not be running.
RoslynAnalysisRunner has terminated.
Mono: successfully reloaded assembly
- Completed reload, in  0.589 seconds
Platform modules already initialized, skipping
Refreshing native plugins compatible for Editor in 0.35 ms, found 1 plugins.
Preloading 0 native plugins for Editor in 0.00 ms.
Unloading 1802 Unused Serialized files (Serialized files now loaded: 0)
System memory in use before: 84.7 MB.
System memory in use after: 84.7 MB.

Unloading 12 unused Assets to reduce memory usage. Loaded Objects now: 2274.
Total: 1.697900 ms (FindLiveObjects: 0.180400 ms CreateObjectMapping: 0.042300 ms MarkObjects: 1.386600 ms  DeleteObjects: 0.087800 ms)

========================================================================
Received Prepare
Registering precompiled user dll's ...
Registered in 0.000654 seconds.
Begin MonoManager ReloadAssembly
Native extension for WindowsStandalone target not found
Refreshing native plugins compatible for Editor in 0.39 ms, found 1 plugins.
Preloading 0 native plugins for Editor in 0.00 ms.
Invoked RoslynAnalysisRunner static constructor.
RoslynAnalysisRunner will not be running.
RoslynAnalysisRunner has terminated.
Mono: successfully reloaded assembly
- Completed reload, in  0.573 seconds
Platform modules already initialized, skipping
Refreshing native plugins compatible for Editor in 0.43 ms, found 1 plugins.
Preloading 0 native plugins for Editor in 0.00 ms.
Unloading 1802 Unused Serialized files (Serialized files now loaded: 0)
System memory in use before: 84.7 MB.
System memory in use after: 84.7 MB.

Unloading 12 unused Assets to reduce memory usage. Loaded Objects now: 2278.
Total: 2.565000 ms (FindLiveObjects: 0.293000 ms CreateObjectMapping: 0.035400 ms MarkObjects: 2.123900 ms  DeleteObjects: 0.110400 ms)

========================================================================
Received Prepare
Registering precompiled user dll's ...
Registered in 0.000996 seconds.
Begin MonoManager ReloadAssembly
Native extension for WindowsStandalone target not found
Refreshing native plugins compatible for Editor in 0.37 ms, found 1 plugins.
Preloading 0 native plugins for Editor in 0.00 ms.
Invoked RoslynAnalysisRunner static constructor.
RoslynAnalysisRunner will not be running.
RoslynAnalysisRunner has terminated.
Mono: successfully reloaded assembly
- Completed reload, in  0.584 seconds
Platform modules already initialized, skipping
Refreshing native plugins compatible for Editor in 0.36 ms, found 1 plugins.
Preloading 0 native plugins for Editor in 0.00 ms.
Unloading 1802 Unused Serialized files (Serialized files now loaded: 0)
System memory in use before: 84.7 MB.
System memory in use after: 84.7 MB.

Unloading 12 unused Assets to reduce memory usage. Loaded Objects now: 2282.
Total: 1.933000 ms (FindLiveObjects: 0.209400 ms CreateObjectMapping: 0.078900 ms MarkObjects: 1.539700 ms  DeleteObjects: 0.103700 ms)

========================================================================
Received Prepare
Registering precompiled user dll's ...
Registered in 0.000669 seconds.
Begin MonoManager ReloadAssembly
Native extension for WindowsStandalone target not found
Refreshing native plugins compatible for Editor in 0.38 ms, found 1 plugins.
Preloading 0 native plugins for Editor in 0.00 ms.
Invoked RoslynAnalysisRunner static constructor.
RoslynAnalysisRunner will not be running.
RoslynAnalysisRunner has terminated.
Mono: successfully reloaded assembly
- Completed reload, in  0.592 seconds
Platform modules already initialized, skipping
Refreshing native plugins compatible for Editor in 0.36 ms, found 1 plugins.
Preloading 0 native plugins for Editor in 0.00 ms.
Unloading 1802 Unused Serialized files (Serialized files now loaded: 0)
System memory in use before: 84.7 MB.
System memory in use after: 84.7 MB.

Unloading 12 unused Assets to reduce memory usage. Loaded Objects now: 2286.
Total: 2.616400 ms (FindLiveObjects: 0.390300 ms CreateObjectMapping: 0.126400 ms MarkObjects: 2.004400 ms  DeleteObjects: 0.094400 ms)

========================================================================
Received Prepare
Registering precompiled user dll's ...
Registered in 0.000656 seconds.
Begin MonoManager ReloadAssembly
Native extension for WindowsStandalone target not found
Refreshing native plugins compatible for Editor in 0.37 ms, found 1 plugins.
Preloading 0 native plugins for Editor in 0.00 ms.
Invoked RoslynAnalysisRunner static constructor.
RoslynAnalysisRunner will not be running.
RoslynAnalysisRunner has terminated.
Mono: successfully reloaded assembly
- Completed reload, in  0.580 seconds
Platform modules already initialized, skipping
Refreshing native plugins compatible for Editor in 0.39 ms, found 1 plugins.
Preloading 0 native plugins for Editor in 0.00 ms.
Unloading 1802 Unused Serialized files (Serialized files now loaded: 0)
System memory in use before: 84.8 MB.
System memory in use after: 84.7 MB.

Unloading 12 unused Assets to reduce memory usage. Loaded Objects now: 2290.
Total: 1.696600 ms (FindLiveObjects: 0.178100 ms CreateObjectMapping: 0.043100 ms MarkObjects: 1.380500 ms  DeleteObjects: 0.093900 ms)

========================================================================
Received Import Request.
  Time since last request: 2241.161050 seconds.
  path: Assets/Prefab
  artifactKey: Guid(d9b86c9fbb30a3149b89f727a15fff8e) Importer(815301076,1909f56bfc062723c751e8b465ee728b)
Start importing Assets/Prefab using Guid(d9b86c9fbb30a3149b89f727a15fff8e) Importer(815301076,1909f56bfc062723c751e8b465ee728b)  -> (artifact id: 'ab09e730fa0b67d2ebcbfd7080f15541') in 0.008268 seconds
  Import took 0.011096 seconds .

========================================================================
Received Import Request.
  Time since last request: 3.060229 seconds.
  path: Assets/Prefab/cloud.prefab
  artifactKey: Guid(7f7d3eec7f807a64688673059932fa76) Importer(815301076,1909f56bfc062723c751e8b465ee728b)
Start importing Assets/Prefab/cloud.prefab using Guid(7f7d3eec7f807a64688673059932fa76) Importer(815301076,1909f56bfc062723c751e8b465ee728b)  -> (artifact id: '44d38c3400dc2d1618f90a9460224e7d') in 0.062897 seconds
  Import took 0.065463 seconds .

========================================================================
Received Import Request.
  Time since last request: 0.005873 seconds.
  path: Assets/Prefab/cloud.prefab
  artifactKey: Guid(7f7d3eec7f807a64688673059932fa76) Importer(815301076,1909f56bfc062723c751e8b465ee728b)
Start importing Assets/Prefab/cloud.prefab using Guid(7f7d3eec7f807a64688673059932fa76) Importer(815301076,1909f56bfc062723c751e8b465ee728b)  -> (artifact id: '44d38c3400dc2d1618f90a9460224e7d') in 0.007888 seconds
  Import took 0.010785 seconds .

========================================================================
Received Prepare
Registering precompiled user dll's ...
Registered in 0.000627 seconds.
Begin MonoManager ReloadAssembly
Native extension for WindowsStandalone target not found
Refreshing native plugins compatible for Editor in 0.37 ms, found 1 plugins.
Preloading 0 native plugins for Editor in 0.00 ms.
Invoked RoslynAnalysisRunner static constructor.
RoslynAnalysisRunner will not be running.
RoslynAnalysisRunner has terminated.
Mono: successfully reloaded assembly
- Completed reload, in  0.579 seconds
Platform modules already initialized, skipping
Refreshing native plugins compatible for Editor in 0.36 ms, found 1 plugins.
Preloading 0 native plugins for Editor in 0.00 ms.
Unloading 1802 Unused Serialized files (Serialized files now loaded: 0)
System memory in use before: 87.9 MB.
System memory in use after: 87.9 MB.

Unloading 12 unused Assets to reduce memory usage. Loaded Objects now: 2301.
Total: 1.690700 ms (FindLiveObjects: 0.161600 ms CreateObjectMapping: 0.040800 ms MarkObjects: 1.401700 ms  DeleteObjects: 0.085900 ms)

========================================================================
Received Prepare
Registering precompiled user dll's ...
Registered in 0.000808 seconds.
Begin MonoManager ReloadAssembly
Native extension for WindowsStandalone target not found
Refreshing native plugins compatible for Editor in 0.72 ms, found 1 plugins.
Preloading 0 native plugins for Editor in 0.00 ms.
Invoked RoslynAnalysisRunner static constructor.
RoslynAnalysisRunner will not be running.
RoslynAnalysisRunner has terminated.
Mono: successfully reloaded assembly
- Completed reload, in  0.572 seconds
Platform modules already initialized, skipping
Refreshing native plugins compatible for Editor in 0.37 ms, found 1 plugins.
Preloading 0 native plugins for Editor in 0.00 ms.
Unloading 1802 Unused Serialized files (Serialized files now loaded: 0)
System memory in use before: 87.9 MB.
System memory in use after: 87.9 MB.

Unloading 12 unused Assets to reduce memory usage. Loaded Objects now: 2305.
Total: 1.840900 ms (FindLiveObjects: 0.286500 ms CreateObjectMapping: 0.056100 ms MarkObjects: 1.405300 ms  DeleteObjects: 0.091900 ms)

========================================================================
Received Import Request.
  Time since last request: 246.953042 seconds.
  path: Assets/Prefab/cloud.prefab
  artifactKey: Guid(7f7d3eec7f807a64688673059932fa76) Importer(815301076,1909f56bfc062723c751e8b465ee728b)
Start importing Assets/Prefab/cloud.prefab using Guid(7f7d3eec7f807a64688673059932fa76) Importer(815301076,1909f56bfc062723c751e8b465ee728b)  -> (artifact id: 'a7695622fbc182c84f3f88fa8ac1c0bc') in 0.042905 seconds
  Import took 0.045470 seconds .

========================================================================
Received Import Request.
  Time since last request: 110.095684 seconds.
  path: Assets/Script/Controller_Camera.cs
  artifactKey: Guid(84bdda43854d78942aca7ca28c924d30) Importer(815301076,1909f56bfc062723c751e8b465ee728b)
Start importing Assets/Script/Controller_Camera.cs using Guid(84bdda43854d78942aca7ca28c924d30) Importer(815301076,1909f56bfc062723c751e8b465ee728b)  -> (artifact id: 'af3e1d884122c5ca07f5e8106f1b149b') in 0.005846 seconds
  Import took 0.009022 seconds .

========================================================================
Received Prepare
Registering precompiled user dll's ...
Registered in 0.000783 seconds.
Begin MonoManager ReloadAssembly
Native extension for WindowsStandalone target not found
Refreshing native plugins compatible for Editor in 0.40 ms, found 1 plugins.
Preloading 0 native plugins for Editor in 0.00 ms.
Invoked RoslynAnalysisRunner static constructor.
RoslynAnalysisRunner will not be running.
RoslynAnalysisRunner has terminated.
Mono: successfully reloaded assembly
- Completed reload, in  0.590 seconds
Platform modules already initialized, skipping
Refreshing native plugins compatible for Editor in 0.50 ms, found 1 plugins.
Preloading 0 native plugins for Editor in 0.00 ms.
Unloading 1803 Unused Serialized files (Serialized files now loaded: 0)
System memory in use before: 87.9 MB.
System memory in use after: 87.9 MB.

Unloading 12 unused Assets to reduce memory usage. Loaded Objects now: 2311.
Total: 2.107200 ms (FindLiveObjects: 0.210900 ms CreateObjectMapping: 0.059500 ms MarkObjects: 1.727800 ms  DeleteObjects: 0.108200 ms)

========================================================================
Received Prepare
Registering precompiled user dll's ...
Registered in 0.000705 seconds.
Begin MonoManager ReloadAssembly
Native extension for WindowsStandalone target not found
Refreshing native plugins compatible for Editor in 0.37 ms, found 1 plugins.
Preloading 0 native plugins for Editor in 0.00 ms.
Invoked RoslynAnalysisRunner static constructor.
RoslynAnalysisRunner will not be running.
RoslynAnalysisRunner has terminated.
Mono: successfully reloaded assembly
- Completed reload, in  0.585 seconds
Platform modules already initialized, skipping
Refreshing native plugins compatible for Editor in 0.54 ms, found 1 plugins.
Preloading 0 native plugins for Editor in 0.00 ms.
Unloading 1803 Unused Serialized files (Serialized files now loaded: 0)
System memory in use before: 87.9 MB.
System memory in use after: 87.9 MB.

Unloading 12 unused Assets to reduce memory usage. Loaded Objects now: 2315.
Total: 1.757800 ms (FindLiveObjects: 0.205900 ms CreateObjectMapping: 0.042300 ms MarkObjects: 1.405300 ms  DeleteObjects: 0.103600 ms)

========================================================================
Received Prepare
Registering precompiled user dll's ...
Registered in 0.000752 seconds.
Begin MonoManager ReloadAssembly
Native extension for WindowsStandalone target not found
Refreshing native plugins compatible for Editor in 0.37 ms, found 1 plugins.
Preloading 0 native plugins for Editor in 0.00 ms.
Invoked RoslynAnalysisRunner static constructor.
RoslynAnalysisRunner will not be running.
RoslynAnalysisRunner has terminated.
Mono: successfully reloaded assembly
- Completed reload, in  0.581 seconds
Platform modules already initialized, skipping
Refreshing native plugins compatible for Editor in 0.36 ms, found 1 plugins.
Preloading 0 native plugins for Editor in 0.00 ms.
Unloading 1803 Unused Serialized files (Serialized files now loaded: 0)
System memory in use before: 87.9 MB.
System memory in use after: 87.9 MB.

Unloading 12 unused Assets to reduce memory usage. Loaded Objects now: 2319.
Total: 2.560200 ms (FindLiveObjects: 0.448400 ms CreateObjectMapping: 0.048800 ms MarkObjects: 1.949300 ms  DeleteObjects: 0.112200 ms)

========================================================================
Received Import Request.
  Time since last request: 933.803598 seconds.
  path: Assets/Script/Controller_Player.cs
  artifactKey: Guid(86925ab31a4cd574788ee218a5800834) Importer(815301076,1909f56bfc062723c751e8b465ee728b)
Start importing Assets/Script/Controller_Player.cs using Guid(86925ab31a4cd574788ee218a5800834) Importer(815301076,1909f56bfc062723c751e8b465ee728b)  -> (artifact id: '3a0335504c351bc5b5135392aa2302ad') in 0.008443 seconds
  Import took 0.011427 seconds .

========================================================================
Received Import Request.
  Time since last request: 0.014658 seconds.
  path: Assets/Script/Controller_Player.cs
  artifactKey: Guid(86925ab31a4cd574788ee218a5800834) Importer(815301076,1909f56bfc062723c751e8b465ee728b)
Start importing Assets/Script/Controller_Player.cs using Guid(86925ab31a4cd574788ee218a5800834) Importer(815301076,1909f56bfc062723c751e8b465ee728b)  -> (artifact id: '3a0335504c351bc5b5135392aa2302ad') in 0.001807 seconds
  Import took 0.004046 seconds .

========================================================================
Received Import Request.
  Time since last request: 0.222228 seconds.
  path: Assets/Script/Controller_Camera.cs
  artifactKey: Guid(84bdda43854d78942aca7ca28c924d30) Importer(815301076,1909f56bfc062723c751e8b465ee728b)
Start importing Assets/Script/Controller_Camera.cs using Guid(84bdda43854d78942aca7ca28c924d30) Importer(815301076,1909f56bfc062723c751e8b465ee728b)  -> (artifact id: '9c6e9dae3924a608c6989225272e1f49') in 0.001657 seconds
  Import took 0.004024 seconds .

========================================================================
Received Import Request.
  Time since last request: 0.000835 seconds.
  path: Assets/Script/Controller_Camera.cs
  artifactKey: Guid(84bdda43854d78942aca7ca28c924d30) Importer(815301076,1909f56bfc062723c751e8b465ee728b)
Start importing Assets/Script/Controller_Camera.cs using Guid(84bdda43854d78942aca7ca28c924d30) Importer(815301076,1909f56bfc062723c751e8b465ee728b)  -> (artifact id: '9c6e9dae3924a608c6989225272e1f49') in 0.001376 seconds
  Import took 0.002968 seconds .

========================================================================
Received Prepare
Registering precompiled user dll's ...
Registered in 0.000743 seconds.
Begin MonoManager ReloadAssembly
Native extension for WindowsStandalone target not found
Refreshing native plugins compatible for Editor in 0.36 ms, found 1 plugins.
Preloading 0 native plugins for Editor in 0.00 ms.
Invoked RoslynAnalysisRunner static constructor.
RoslynAnalysisRunner will not be running.
RoslynAnalysisRunner has terminated.
Mono: successfully reloaded assembly
- Completed reload, in  0.580 seconds
Platform modules already initialized, skipping
Refreshing native plugins compatible for Editor in 0.42 ms, found 1 plugins.
Preloading 0 native plugins for Editor in 0.00 ms.
Unloading 1803 Unused Serialized files (Serialized files now loaded: 0)
System memory in use before: 87.9 MB.
System memory in use after: 87.9 MB.

Unloading 12 unused Assets to reduce memory usage. Loaded Objects now: 2323.
Total: 1.834900 ms (FindLiveObjects: 0.213000 ms CreateObjectMapping: 0.077100 ms MarkObjects: 1.445200 ms  DeleteObjects: 0.098900 ms)

========================================================================
Received Import Request.
  Time since last request: 170.479954 seconds.
  path: Assets/Script/Controller_Player.cs
  artifactKey: Guid(86925ab31a4cd574788ee218a5800834) Importer(815301076,1909f56bfc062723c751e8b465ee728b)
Start importing Assets/Script/Controller_Player.cs using Guid(86925ab31a4cd574788ee218a5800834) Importer(815301076,1909f56bfc062723c751e8b465ee728b)  -> (artifact id: 'aa00fbe9a64e1c5e5b54198e7b8b5734') in 0.004137 seconds
  Import took 0.006626 seconds .

========================================================================
Received Prepare
Registering precompiled user dll's ...
Registered in 0.000665 seconds.
Begin MonoManager ReloadAssembly
Native extension for WindowsStandalone target not found
Refreshing native plugins compatible for Editor in 0.39 ms, found 1 plugins.
Preloading 0 native plugins for Editor in 0.00 ms.
Invoked RoslynAnalysisRunner static constructor.
RoslynAnalysisRunner will not be running.
RoslynAnalysisRunner has terminated.
Mono: successfully reloaded assembly
- Completed reload, in  0.576 seconds
Platform modules already initialized, skipping
Refreshing native plugins compatible for Editor in 0.38 ms, found 1 plugins.
Preloading 0 native plugins for Editor in 0.00 ms.
Unloading 1803 Unused Serialized files (Serialized files now loaded: 0)
System memory in use before: 87.9 MB.
System memory in use after: 87.9 MB.

Unloading 12 unused Assets to reduce memory usage. Loaded Objects now: 2327.
Total: 1.980900 ms (FindLiveObjects: 0.245600 ms CreateObjectMapping: 0.042400 ms MarkObjects: 1.593200 ms  DeleteObjects: 0.098600 ms)

========================================================================
Received Prepare
Registering precompiled user dll's ...
Registered in 0.000628 seconds.
Begin MonoManager ReloadAssembly
Native extension for WindowsStandalone target not found
Refreshing native plugins compatible for Editor in 0.37 ms, found 1 plugins.
Preloading 0 native plugins for Editor in 0.00 ms.
Invoked RoslynAnalysisRunner static constructor.
RoslynAnalysisRunner will not be running.
RoslynAnalysisRunner has terminated.
Mono: successfully reloaded assembly
- Completed reload, in  0.571 seconds
Platform modules already initialized, skipping
Refreshing native plugins compatible for Editor in 0.36 ms, found 1 plugins.
Preloading 0 native plugins for Editor in 0.00 ms.
Unloading 1803 Unused Serialized files (Serialized files now loaded: 0)
System memory in use before: 88.0 MB.
System memory in use after: 87.9 MB.

Unloading 12 unused Assets to reduce memory usage. Loaded Objects now: 2331.
Total: 1.649100 ms (FindLiveObjects: 0.169600 ms CreateObjectMapping: 0.042100 ms MarkObjects: 1.341800 ms  DeleteObjects: 0.094900 ms)

========================================================================
Received Prepare
Registering precompiled user dll's ...
Registered in 0.000648 seconds.
Begin MonoManager ReloadAssembly
Native extension for WindowsStandalone target not found
Refreshing native plugins compatible for Editor in 0.46 ms, found 1 plugins.
Preloading 0 native plugins for Editor in 0.00 ms.
Invoked RoslynAnalysisRunner static constructor.
RoslynAnalysisRunner will not be running.
RoslynAnalysisRunner has terminated.
Mono: successfully reloaded assembly
- Completed reload, in  0.573 seconds
Platform modules already initialized, skipping
Refreshing native plugins compatible for Editor in 0.37 ms, found 1 plugins.
Preloading 0 native plugins for Editor in 0.00 ms.
Unloading 1803 Unused Serialized files (Serialized files now loaded: 0)
System memory in use before: 88.0 MB.
System memory in use after: 87.9 MB.

Unloading 12 unused Assets to reduce memory usage. Loaded Objects now: 2335.
Total: 1.791700 ms (FindLiveObjects: 0.200500 ms CreateObjectMapping: 0.044200 ms MarkObjects: 1.455100 ms  DeleteObjects: 0.091200 ms)

========================================================================
Received Prepare
Registering precompiled user dll's ...
Registered in 0.000684 seconds.
Begin MonoManager ReloadAssembly
Native extension for WindowsStandalone target not found
Refreshing native plugins compatible for Editor in 0.38 ms, found 1 plugins.
Preloading 0 native plugins for Editor in 0.00 ms.
Invoked RoslynAnalysisRunner static constructor.
RoslynAnalysisRunner will not be running.
RoslynAnalysisRunner has terminated.
Mono: successfully reloaded assembly
- Completed reload, in  0.566 seconds
Platform modules already initialized, skipping
Refreshing native plugins compatible for Editor in 0.80 ms, found 1 plugins.
Preloading 0 native plugins for Editor in 0.00 ms.
Unloading 1803 Unused Serialized files (Serialized files now loaded: 0)
System memory in use before: 88.0 MB.
System memory in use after: 88.0 MB.

Unloading 12 unused Assets to reduce memory usage. Loaded Objects now: 2339.
Total: 2.113700 ms (FindLiveObjects: 0.316700 ms CreateObjectMapping: 0.041300 ms MarkObjects: 1.645300 ms  DeleteObjects: 0.109000 ms)

========================================================================
Received Prepare
Registering precompiled user dll's ...
Registered in 0.000724 seconds.
Begin MonoManager ReloadAssembly
Native extension for WindowsStandalone target not found
Refreshing native plugins compatible for Editor in 0.49 ms, found 1 plugins.
Preloading 0 native plugins for Editor in 0.00 ms.
Invoked RoslynAnalysisRunner static constructor.
RoslynAnalysisRunner will not be running.
RoslynAnalysisRunner has terminated.
Mono: successfully reloaded assembly
- Completed reload, in  0.626 seconds
Platform modules already initialized, skipping
Refreshing native plugins compatible for Editor in 0.38 ms, found 1 plugins.
Preloading 0 native plugins for Editor in 0.00 ms.
Unloading 1803 Unused Serialized files (Serialized files now loaded: 0)
System memory in use before: 88.0 MB.
System memory in use after: 88.0 MB.

Unloading 12 unused Assets to reduce memory usage. Loaded Objects now: 2343.
Total: 1.954900 ms (FindLiveObjects: 0.219100 ms CreateObjectMapping: 0.060500 ms MarkObjects: 1.558700 ms  DeleteObjects: 0.116000 ms)

========================================================================
Received Prepare
Registering precompiled user dll's ...
Registered in 0.000651 seconds.
Begin MonoManager ReloadAssembly
Native extension for WindowsStandalone target not found
Refreshing native plugins compatible for Editor in 0.41 ms, found 1 plugins.
Preloading 0 native plugins for Editor in 0.00 ms.
Invoked RoslynAnalysisRunner static constructor.
RoslynAnalysisRunner will not be running.
RoslynAnalysisRunner has terminated.
Mono: successfully reloaded assembly
- Completed reload, in  0.662 seconds
Platform modules already initialized, skipping
Refreshing native plugins compatible for Editor in 0.57 ms, found 1 plugins.
Preloading 0 native plugins for Editor in 0.00 ms.
Unloading 1803 Unused Serialized files (Serialized files now loaded: 0)
System memory in use before: 88.0 MB.
System memory in use after: 88.0 MB.

Unloading 12 unused Assets to reduce memory usage. Loaded Objects now: 2347.
Total: 2.456100 ms (FindLiveObjects: 0.265200 ms CreateObjectMapping: 0.098800 ms MarkObjects: 1.973400 ms  DeleteObjects: 0.117900 ms)

========================================================================
Received Prepare
Registering precompiled user dll's ...
Registered in 0.000741 seconds.
Begin MonoManager ReloadAssembly
Native extension for WindowsStandalone target not found
Refreshing native plugins compatible for Editor in 0.37 ms, found 1 plugins.
Preloading 0 native plugins for Editor in 0.00 ms.
Invoked RoslynAnalysisRunner static constructor.
RoslynAnalysisRunner will not be running.
RoslynAnalysisRunner has terminated.
Mono: successfully reloaded assembly
- Completed reload, in  0.558 seconds
Platform modules already initialized, skipping
Refreshing native plugins compatible for Editor in 0.37 ms, found 1 plugins.
Preloading 0 native plugins for Editor in 0.00 ms.
Unloading 1803 Unused Serialized files (Serialized files now loaded: 0)
System memory in use before: 88.0 MB.
System memory in use after: 88.0 MB.

Unloading 12 unused Assets to reduce memory usage. Loaded Objects now: 2351.
Total: 1.754800 ms (FindLiveObjects: 0.223100 ms CreateObjectMapping: 0.035000 ms MarkObjects: 1.392900 ms  DeleteObjects: 0.103200 ms)

========================================================================
Received Prepare
Registering precompiled user dll's ...
Registered in 0.000598 seconds.
Begin MonoManager ReloadAssembly
Native extension for WindowsStandalone target not found
Refreshing native plugins compatible for Editor in 0.37 ms, found 1 plugins.
Preloading 0 native plugins for Editor in 0.00 ms.
Invoked RoslynAnalysisRunner static constructor.
RoslynAnalysisRunner will not be running.
RoslynAnalysisRunner has terminated.
Mono: successfully reloaded assembly
- Completed reload, in  0.555 seconds
Platform modules already initialized, skipping
Refreshing native plugins compatible for Editor in 0.32 ms, found 1 plugins.
Preloading 0 native plugins for Editor in 0.00 ms.
Unloading 1803 Unused Serialized files (Serialized files now loaded: 0)
System memory in use before: 88.0 MB.
System memory in use after: 88.0 MB.

Unloading 12 unused Assets to reduce memory usage. Loaded Objects now: 2355.
Total: 1.852100 ms (FindLiveObjects: 0.188700 ms CreateObjectMapping: 0.042900 ms MarkObjects: 1.540000 ms  DeleteObjects: 0.079700 ms)

========================================================================
Received Prepare
Registering precompiled user dll's ...
Registered in 0.000577 seconds.
Begin MonoManager ReloadAssembly
Native extension for WindowsStandalone target not found
Refreshing native plugins compatible for Editor in 0.37 ms, found 1 plugins.
Preloading 0 native plugins for Editor in 0.00 ms.
Invoked RoslynAnalysisRunner static constructor.
RoslynAnalysisRunner will not be running.
RoslynAnalysisRunner has terminated.
Mono: successfully reloaded assembly
- Completed reload, in  0.564 seconds
Platform modules already initialized, skipping
Refreshing native plugins compatible for Editor in 0.36 ms, found 1 plugins.
Preloading 0 native plugins for Editor in 0.00 ms.
Unloading 1803 Unused Serialized files (Serialized files now loaded: 0)
System memory in use before: 88.0 MB.
System memory in use after: 88.0 MB.

Unloading 12 unused Assets to reduce memory usage. Loaded Objects now: 2359.
Total: 2.027000 ms (FindLiveObjects: 0.293800 ms CreateObjectMapping: 0.050700 ms MarkObjects: 1.542100 ms  DeleteObjects: 0.139300 ms)

========================================================================
Received Prepare
Registering precompiled user dll's ...
Registered in 0.000610 seconds.
Begin MonoManager ReloadAssembly
Native extension for WindowsStandalone target not found
Refreshing native plugins compatible for Editor in 0.37 ms, found 1 plugins.
Preloading 0 native plugins for Editor in 0.00 ms.
Invoked RoslynAnalysisRunner static constructor.
RoslynAnalysisRunner will not be running.
RoslynAnalysisRunner has terminated.
Mono: successfully reloaded assembly
- Completed reload, in  0.586 seconds
Platform modules already initialized, skipping
Refreshing native plugins compatible for Editor in 0.33 ms, found 1 plugins.
Preloading 0 native plugins for Editor in 0.00 ms.
Unloading 1803 Unused Serialized files (Serialized files now loaded: 0)
System memory in use before: 88.0 MB.
System memory in use after: 88.0 MB.

Unloading 12 unused Assets to reduce memory usage. Loaded Objects now: 2363.
Total: 2.571700 ms (FindLiveObjects: 0.231600 ms CreateObjectMapping: 0.071700 ms MarkObjects: 2.151200 ms  DeleteObjects: 0.116400 ms)

========================================================================
Received Prepare
Registering precompiled user dll's ...
Registered in 0.000689 seconds.
Begin MonoManager ReloadAssembly
Native extension for WindowsStandalone target not found
Refreshing native plugins compatible for Editor in 0.36 ms, found 1 plugins.
Preloading 0 native plugins for Editor in 0.00 ms.
Invoked RoslynAnalysisRunner static constructor.
RoslynAnalysisRunner will not be running.
RoslynAnalysisRunner has terminated.
Mono: successfully reloaded assembly
- Completed reload, in  0.582 seconds
Platform modules already initialized, skipping
Refreshing native plugins compatible for Editor in 0.36 ms, found 1 plugins.
Preloading 0 native plugins for Editor in 0.00 ms.
Unloading 1803 Unused Serialized files (Serialized files now loaded: 0)
System memory in use before: 88.0 MB.
System memory in use after: 88.0 MB.

Unloading 12 unused Assets to reduce memory usage. Loaded Objects now: 2367.
Total: 2.512200 ms (FindLiveObjects: 0.191900 ms CreateObjectMapping: 0.052500 ms MarkObjects: 2.167800 ms  DeleteObjects: 0.099100 ms)

========================================================================
Received Prepare
Registering precompiled user dll's ...
Registered in 0.000610 seconds.
Begin MonoManager ReloadAssembly
Native extension for WindowsStandalone target not found
Refreshing native plugins compatible for Editor in 0.37 ms, found 1 plugins.
Preloading 0 native plugins for Editor in 0.00 ms.
Invoked RoslynAnalysisRunner static constructor.
RoslynAnalysisRunner will not be running.
RoslynAnalysisRunner has terminated.
Mono: successfully reloaded assembly
- Completed reload, in  0.601 seconds
Platform modules already initialized, skipping
Refreshing native plugins compatible for Editor in 0.31 ms, found 1 plugins.
Preloading 0 native plugins for Editor in 0.00 ms.
Unloading 1803 Unused Serialized files (Serialized files now loaded: 0)
System memory in use before: 88.0 MB.
System memory in use after: 88.0 MB.

Unloading 12 unused Assets to reduce memory usage. Loaded Objects now: 2371.
Total: 2.135900 ms (FindLiveObjects: 0.215300 ms CreateObjectMapping: 0.076900 ms MarkObjects: 1.749600 ms  DeleteObjects: 0.093000 ms)

========================================================================
Received Prepare
Registering precompiled user dll's ...
Registered in 0.000631 seconds.
Begin MonoManager ReloadAssembly
Native extension for WindowsStandalone target not found
Refreshing native plugins compatible for Editor in 0.37 ms, found 1 plugins.
Preloading 0 native plugins for Editor in 0.00 ms.
Invoked RoslynAnalysisRunner static constructor.
RoslynAnalysisRunner will not be running.
RoslynAnalysisRunner has terminated.
Mono: successfully reloaded assembly
- Completed reload, in  0.579 seconds
Platform modules already initialized, skipping
Refreshing native plugins compatible for Editor in 0.43 ms, found 1 plugins.
Preloading 0 native plugins for Editor in 0.00 ms.
Unloading 1803 Unused Serialized files (Serialized files now loaded: 0)
System memory in use before: 88.1 MB.
System memory in use after: 88.0 MB.

Unloading 12 unused Assets to reduce memory usage. Loaded Objects now: 2375.
Total: 1.715200 ms (FindLiveObjects: 0.199200 ms CreateObjectMapping: 0.043900 ms MarkObjects: 1.378800 ms  DeleteObjects: 0.092500 ms)

========================================================================
Received Prepare
Registering precompiled user dll's ...
Registered in 0.000839 seconds.
Begin MonoManager ReloadAssembly
Native extension for WindowsStandalone target not found
Refreshing native plugins compatible for Editor in 0.37 ms, found 1 plugins.
Preloading 0 native plugins for Editor in 0.00 ms.
Invoked RoslynAnalysisRunner static constructor.
RoslynAnalysisRunner will not be running.
RoslynAnalysisRunner has terminated.
Mono: successfully reloaded assembly
- Completed reload, in  0.587 seconds
Platform modules already initialized, skipping
Refreshing native plugins compatible for Editor in 0.39 ms, found 1 plugins.
Preloading 0 native plugins for Editor in 0.00 ms.
Unloading 1803 Unused Serialized files (Serialized files now loaded: 0)
System memory in use before: 88.1 MB.
System memory in use after: 88.1 MB.

Unloading 12 unused Assets to reduce memory usage. Loaded Objects now: 2379.
Total: 2.220000 ms (FindLiveObjects: 0.285800 ms CreateObjectMapping: 0.083800 ms MarkObjects: 1.737800 ms  DeleteObjects: 0.111000 ms)

========================================================================
Received Prepare
Registering precompiled user dll's ...
Registered in 0.001006 seconds.
Begin MonoManager ReloadAssembly
Native extension for WindowsStandalone target not found
Refreshing native plugins compatible for Editor in 0.37 ms, found 1 plugins.
Preloading 0 native plugins for Editor in 0.00 ms.
Invoked RoslynAnalysisRunner static constructor.
RoslynAnalysisRunner will not be running.
RoslynAnalysisRunner has terminated.
Mono: successfully reloaded assembly
- Completed reload, in  0.603 seconds
Platform modules already initialized, skipping
Refreshing native plugins compatible for Editor in 0.37 ms, found 1 plugins.
Preloading 0 native plugins for Editor in 0.00 ms.
Unloading 1803 Unused Serialized files (Serialized files now loaded: 0)
System memory in use before: 88.1 MB.
System memory in use after: 88.1 MB.

Unloading 12 unused Assets to reduce memory usage. Loaded Objects now: 2383.
Total: 2.261600 ms (FindLiveObjects: 0.201900 ms CreateObjectMapping: 0.056800 ms MarkObjects: 1.895600 ms  DeleteObjects: 0.106500 ms)

========================================================================
Received Import Request.
  Time since last request: 1291.633836 seconds.
  path: Assets/Scenes/SampleScene.unity
  artifactKey: Guid(2cda990e2423bbf4892e6590ba056729) Importer(815301076,1909f56bfc062723c751e8b465ee728b)
Start importing Assets/Scenes/SampleScene.unity using Guid(2cda990e2423bbf4892e6590ba056729) Importer(815301076,1909f56bfc062723c751e8b465ee728b)  -> (artifact id: '931c759f4c3ef9fd9013f8d8cc0d7a85') in 0.013253 seconds
  Import took 0.016077 seconds .

========================================================================
Received Import Request.
  Time since last request: 0.002475 seconds.
  path: Assets/Scenes/SampleScene.unity
  artifactKey: Guid(2cda990e2423bbf4892e6590ba056729) Importer(815301076,1909f56bfc062723c751e8b465ee728b)
Start importing Assets/Scenes/SampleScene.unity using Guid(2cda990e2423bbf4892e6590ba056729) Importer(815301076,1909f56bfc062723c751e8b465ee728b)  -> (artifact id: '931c759f4c3ef9fd9013f8d8cc0d7a85') in 0.001813 seconds
  Import took 0.003783 seconds .

========================================================================
Received Import Request.
  Time since last request: 6.986372 seconds.
  path: Assets/Scenes/GameScene.unity
  artifactKey: Guid(2cda990e2423bbf4892e6590ba056729) Importer(815301076,1909f56bfc062723c751e8b465ee728b)
Start importing Assets/Scenes/GameScene.unity using Guid(2cda990e2423bbf4892e6590ba056729) Importer(815301076,1909f56bfc062723c751e8b465ee728b)  -> (artifact id: 'cddd31c8130e15a7e1d529e83306a519') in 0.005614 seconds
  Import took 0.008085 seconds .

========================================================================
Received Import Request.
  Time since last request: 20.774609 seconds.
  path: Assets/Scenes/ClearScene.unity
  artifactKey: Guid(982d3ae9e91d3084c8f9e90d3533bc07) Importer(815301076,1909f56bfc062723c751e8b465ee728b)
Start importing Assets/Scenes/ClearScene.unity using Guid(982d3ae9e91d3084c8f9e90d3533bc07) Importer(815301076,1909f56bfc062723c751e8b465ee728b)  -> (artifact id: '8f47ff48b3ff45f4e337776535bb56d5') in 0.005025 seconds
  Import took 0.007860 seconds .

========================================================================
Received Import Request.
  Time since last request: 32.863622 seconds.
  path: Assets/Scenes/ClearScene.unity
  artifactKey: Guid(982d3ae9e91d3084c8f9e90d3533bc07) Importer(815301076,1909f56bfc062723c751e8b465ee728b)
Start importing Assets/Scenes/ClearScene.unity using Guid(982d3ae9e91d3084c8f9e90d3533bc07) Importer(815301076,1909f56bfc062723c751e8b465ee728b)  -> (artifact id: '2c8f5bf557719854b9b88c71dbbc5f2c') in 0.001968 seconds
  Import took 0.004555 seconds .

========================================================================
Received Import Request.
  Time since last request: 25.889596 seconds.
  path: Assets/Scenes/GameScene.unity
  artifactKey: Guid(2cda990e2423bbf4892e6590ba056729) Importer(815301076,1909f56bfc062723c751e8b465ee728b)
Start importing Assets/Scenes/GameScene.unity using Guid(2cda990e2423bbf4892e6590ba056729) Importer(815301076,1909f56bfc062723c751e8b465ee728b)  -> (artifact id: '970c64387c0bb375bf94eec343e45111') in 0.001944 seconds
  Import took 0.004445 seconds .

========================================================================
Received Import Request.
  Time since last request: 84.802192 seconds.
  path: Assets/Script/Manager_Scene.cs
  artifactKey: Guid(d2dfda40398abc34a89de8193f57ace7) Importer(815301076,1909f56bfc062723c751e8b465ee728b)
Start importing Assets/Script/Manager_Scene.cs using Guid(d2dfda40398abc34a89de8193f57ace7) Importer(815301076,1909f56bfc062723c751e8b465ee728b)  -> (artifact id: '790c523b33d698c0b12d7845838d5ffc') in 0.005111 seconds
  Import took 0.007645 seconds .

========================================================================
Received Prepare
Registering precompiled user dll's ...
Registered in 0.000689 seconds.
Begin MonoManager ReloadAssembly
Native extension for WindowsStandalone target not found
Refreshing native plugins compatible for Editor in 0.49 ms, found 1 plugins.
Preloading 0 native plugins for Editor in 0.00 ms.
Invoked RoslynAnalysisRunner static constructor.
RoslynAnalysisRunner will not be running.
RoslynAnalysisRunner has terminated.
Mono: successfully reloaded assembly
- Completed reload, in  0.603 seconds
Platform modules already initialized, skipping
Refreshing native plugins compatible for Editor in 0.34 ms, found 1 plugins.
Preloading 0 native plugins for Editor in 0.00 ms.
Unloading 1804 Unused Serialized files (Serialized files now loaded: 0)
System memory in use before: 88.1 MB.
System memory in use after: 88.1 MB.

Unloading 12 unused Assets to reduce memory usage. Loaded Objects now: 2388.
Total: 3.465100 ms (FindLiveObjects: 0.363900 ms CreateObjectMapping: 0.236400 ms MarkObjects: 2.735700 ms  DeleteObjects: 0.128000 ms)

========================================================================
Received Prepare
Registering precompiled user dll's ...
Registered in 0.000704 seconds.
Begin MonoManager ReloadAssembly
Native extension for WindowsStandalone target not found
Refreshing native plugins compatible for Editor in 0.46 ms, found 1 plugins.
Preloading 0 native plugins for Editor in 0.00 ms.
Invoked RoslynAnalysisRunner static constructor.
RoslynAnalysisRunner will not be running.
RoslynAnalysisRunner has terminated.
Mono: successfully reloaded assembly
- Completed reload, in  0.593 seconds
Platform modules already initialized, skipping
Refreshing native plugins compatible for Editor in 0.36 ms, found 1 plugins.
Preloading 0 native plugins for Editor in 0.00 ms.
Unloading 1804 Unused Serialized files (Serialized files now loaded: 0)
System memory in use before: 88.1 MB.
System memory in use after: 88.1 MB.

Unloading 12 unused Assets to reduce memory usage. Loaded Objects now: 2392.
Total: 2.044800 ms (FindLiveObjects: 0.226600 ms CreateObjectMapping: 0.084900 ms MarkObjects: 1.626200 ms  DeleteObjects: 0.106300 ms)

========================================================================
Received Import Request.
  Time since last request: 152.387218 seconds.
  path: Assets/Script/Controller_Player.cs
  artifactKey: Guid(86925ab31a4cd574788ee218a5800834) Importer(815301076,1909f56bfc062723c751e8b465ee728b)
Start importing Assets/Script/Controller_Player.cs using Guid(86925ab31a4cd574788ee218a5800834) Importer(815301076,1909f56bfc062723c751e8b465ee728b)  -> (artifact id: '12210c8863d2c7e51bb43faab2649429') in 0.004352 seconds
  Import took 0.006821 seconds .

========================================================================
Received Import Request.
  Time since last request: 0.000144 seconds.
  path: Assets/Script/Manager_Scene.cs
  artifactKey: Guid(d2dfda40398abc34a89de8193f57ace7) Importer(815301076,1909f56bfc062723c751e8b465ee728b)
Start importing Assets/Script/Manager_Scene.cs using Guid(d2dfda40398abc34a89de8193f57ace7) Importer(815301076,1909f56bfc062723c751e8b465ee728b)  -> (artifact id: '07c06070519374d80d763508e82d5e63') in 0.001681 seconds
  Import took 0.003569 seconds .

========================================================================
Received Prepare
Registering precompiled user dll's ...
Registered in 0.000656 seconds.
Begin MonoManager ReloadAssembly
Native extension for WindowsStandalone target not found
Refreshing native plugins compatible for Editor in 0.37 ms, found 1 plugins.
Preloading 0 native plugins for Editor in 0.00 ms.
Invoked RoslynAnalysisRunner static constructor.
RoslynAnalysisRunner will not be running.
RoslynAnalysisRunner has terminated.
Mono: successfully reloaded assembly
- Completed reload, in  0.571 seconds
Platform modules already initialized, skipping
Refreshing native plugins compatible for Editor in 0.87 ms, found 1 plugins.
Preloading 0 native plugins for Editor in 0.00 ms.
Unloading 1804 Unused Serialized files (Serialized files now loaded: 0)
System memory in use before: 88.1 MB.
System memory in use after: 88.1 MB.

Unloading 12 unused Assets to reduce memory usage. Loaded Objects now: 2396.
Total: 1.754800 ms (FindLiveObjects: 0.226300 ms CreateObjectMapping: 0.037300 ms MarkObjects: 1.397000 ms  DeleteObjects: 0.093500 ms)

========================================================================
Received Import Request.
  Time since last request: 50.425299 seconds.
  path: Assets/Scenes/ClearScene.unity
  artifactKey: Guid(982d3ae9e91d3084c8f9e90d3533bc07) Importer(815301076,1909f56bfc062723c751e8b465ee728b)
Start importing Assets/Scenes/ClearScene.unity using Guid(982d3ae9e91d3084c8f9e90d3533bc07) Importer(815301076,1909f56bfc062723c751e8b465ee728b)  -> (artifact id: '76a02d8badd7e641f777ea7409c7fb9c') in 0.009270 seconds
  Import took 0.011927 seconds .

========================================================================
Received Import Request.
  Time since last request: 0.001864 seconds.
  path: Assets/Scenes/ClearScene.unity
  artifactKey: Guid(982d3ae9e91d3084c8f9e90d3533bc07) Importer(815301076,1909f56bfc062723c751e8b465ee728b)
Start importing Assets/Scenes/ClearScene.unity using Guid(982d3ae9e91d3084c8f9e90d3533bc07) Importer(815301076,1909f56bfc062723c751e8b465ee728b)  -> (artifact id: '76a02d8badd7e641f777ea7409c7fb9c') in 0.001899 seconds
  Import took 0.003846 seconds .

========================================================================
Received Prepare
Registering precompiled user dll's ...
Registered in 0.000700 seconds.
Begin MonoManager ReloadAssembly
Native extension for WindowsStandalone target not found
Refreshing native plugins compatible for Editor in 0.38 ms, found 1 plugins.
Preloading 0 native plugins for Editor in 0.00 ms.
Invoked RoslynAnalysisRunner static constructor.
RoslynAnalysisRunner will not be running.
RoslynAnalysisRunner has terminated.
Mono: successfully reloaded assembly
- Completed reload, in  0.581 seconds
Platform modules already initialized, skipping
Refreshing native plugins compatible for Editor in 0.35 ms, found 1 plugins.
Preloading 0 native plugins for Editor in 0.00 ms.
Unloading 1804 Unused Serialized files (Serialized files now loaded: 0)
System memory in use before: 88.2 MB.
System memory in use after: 88.2 MB.

Unloading 12 unused Assets to reduce memory usage. Loaded Objects now: 2400.
Total: 1.758400 ms (FindLiveObjects: 0.213200 ms CreateObjectMapping: 0.041500 ms MarkObjects: 1.393500 ms  DeleteObjects: 0.109300 ms)

========================================================================
Received Import Request.
  Time since last request: 92.544458 seconds.
  path: Assets/Scenes/GameScene.unity
  artifactKey: Guid(2cda990e2423bbf4892e6590ba056729) Importer(815301076,1909f56bfc062723c751e8b465ee728b)
Start importing Assets/Scenes/GameScene.unity using Guid(2cda990e2423bbf4892e6590ba056729) Importer(815301076,1909f56bfc062723c751e8b465ee728b)  -> (artifact id: '40cc07b34ea4f7b554974da5113bbfac') in 0.009642 seconds
  Import took 0.012310 seconds .

========================================================================
Received Prepare
Registering precompiled user dll's ...
Registered in 0.000596 seconds.
Begin MonoManager ReloadAssembly
Native extension for WindowsStandalone target not found
Refreshing native plugins compatible for Editor in 0.64 ms, found 1 plugins.
Preloading 0 native plugins for Editor in 0.00 ms.
Invoked RoslynAnalysisRunner static constructor.
RoslynAnalysisRunner will not be running.
RoslynAnalysisRunner has terminated.
Mono: successfully reloaded assembly
- Completed reload, in  0.566 seconds
Platform modules already initialized, skipping
Refreshing native plugins compatible for Editor in 0.32 ms, found 1 plugins.
Preloading 0 native plugins for Editor in 0.00 ms.
Unloading 1804 Unused Serialized files (Serialized files now loaded: 0)
System memory in use before: 88.2 MB.
System memory in use after: 88.2 MB.

Unloading 12 unused Assets to reduce memory usage. Loaded Objects now: 2404.
Total: 1.703400 ms (FindLiveObjects: 0.193900 ms CreateObjectMapping: 0.054900 ms MarkObjects: 1.366000 ms  DeleteObjects: 0.087700 ms)

========================================================================
Received Prepare
Registering precompiled user dll's ...
Registered in 0.000658 seconds.
Begin MonoManager ReloadAssembly
Native extension for WindowsStandalone target not found
Refreshing native plugins compatible for Editor in 0.37 ms, found 1 plugins.
Preloading 0 native plugins for Editor in 0.00 ms.
Invoked RoslynAnalysisRunner static constructor.
RoslynAnalysisRunner will not be running.
RoslynAnalysisRunner has terminated.
Mono: successfully reloaded assembly
- Completed reload, in  0.575 seconds
Platform modules already initialized, skipping
Refreshing native plugins compatible for Editor in 0.33 ms, found 1 plugins.
Preloading 0 native plugins for Editor in 0.00 ms.
Unloading 1804 Unused Serialized files (Serialized files now loaded: 0)
System memory in use before: 88.2 MB.
System memory in use after: 88.2 MB.

Unloading 12 unused Assets to reduce memory usage. Loaded Objects now: 2408.
Total: 1.882200 ms (FindLiveObjects: 0.193500 ms CreateObjectMapping: 0.057600 ms MarkObjects: 1.552600 ms  DeleteObjects: 0.077700 ms)

========================================================================
Received Import Request.
  Time since last request: 223.098892 seconds.
  path: Assets/Script/Controller_Player.cs
  artifactKey: Guid(86925ab31a4cd574788ee218a5800834) Importer(815301076,1909f56bfc062723c751e8b465ee728b)
Start importing Assets/Script/Controller_Player.cs using Guid(86925ab31a4cd574788ee218a5800834) Importer(815301076,1909f56bfc062723c751e8b465ee728b)  -> (artifact id: '20bd024ba235d75264c5cb6a40b112ef') in 0.004556 seconds
  Import took 0.007236 seconds .

========================================================================
Received Import Request.
  Time since last request: 0.018155 seconds.
  path: Assets/Script/Controller_Player.cs
  artifactKey: Guid(86925ab31a4cd574788ee218a5800834) Importer(815301076,1909f56bfc062723c751e8b465ee728b)
Start importing Assets/Script/Controller_Player.cs using Guid(86925ab31a4cd574788ee218a5800834) Importer(815301076,1909f56bfc062723c751e8b465ee728b)  -> (artifact id: '20bd024ba235d75264c5cb6a40b112ef') in 0.001562 seconds
  Import took 0.003852 seconds .

========================================================================
Received Prepare
Registering precompiled user dll's ...
Registered in 0.000714 seconds.
Begin MonoManager ReloadAssembly
Native extension for WindowsStandalone target not found
Refreshing native plugins compatible for Editor in 0.37 ms, found 1 plugins.
Preloading 0 native plugins for Editor in 0.00 ms.
Invoked RoslynAnalysisRunner static constructor.
RoslynAnalysisRunner will not be running.
RoslynAnalysisRunner has terminated.
Mono: successfully reloaded assembly
- Completed reload, in  0.577 seconds
Platform modules already initialized, skipping
Refreshing native plugins compatible for Editor in 0.38 ms, found 1 plugins.
Preloading 0 native plugins for Editor in 0.00 ms.
Unloading 1804 Unused Serialized files (Serialized files now loaded: 0)
System memory in use before: 88.2 MB.
System memory in use after: 88.2 MB.

Unloading 12 unused Assets to reduce memory usage. Loaded Objects now: 2412.
Total: 1.901000 ms (FindLiveObjects: 0.327400 ms CreateObjectMapping: 0.073100 ms MarkObjects: 1.398600 ms  DeleteObjects: 0.101100 ms)

========================================================================
Received Prepare
Registering precompiled user dll's ...
Registered in 0.000767 seconds.
Begin MonoManager ReloadAssembly
Native extension for WindowsStandalone target not found
Refreshing native plugins compatible for Editor in 0.39 ms, found 1 plugins.
Preloading 0 native plugins for Editor in 0.00 ms.
Invoked RoslynAnalysisRunner static constructor.
RoslynAnalysisRunner will not be running.
RoslynAnalysisRunner has terminated.
Mono: successfully reloaded assembly
- Completed reload, in  0.590 seconds
Platform modules already initialized, skipping
Refreshing native plugins compatible for Editor in 0.50 ms, found 1 plugins.
Preloading 0 native plugins for Editor in 0.00 ms.
Unloading 1804 Unused Serialized files (Serialized files now loaded: 0)
System memory in use before: 88.2 MB.
System memory in use after: 88.2 MB.

Unloading 12 unused Assets to reduce memory usage. Loaded Objects now: 2416.
Total: 1.947700 ms (FindLiveObjects: 0.224500 ms CreateObjectMapping: 0.060800 ms MarkObjects: 1.567500 ms  DeleteObjects: 0.094200 ms)

========================================================================
Received Import Request.
  Time since last request: 77.236484 seconds.
  path: Assets/Script/Controller_Player.cs
  artifactKey: Guid(86925ab31a4cd574788ee218a5800834) Importer(815301076,1909f56bfc062723c751e8b465ee728b)
Start importing Assets/Script/Controller_Player.cs using Guid(86925ab31a4cd574788ee218a5800834) Importer(815301076,1909f56bfc062723c751e8b465ee728b)  -> (artifact id: 'b0a0c5400ad2159752cd630a14ce64a2') in 0.004229 seconds
  Import took 0.006979 seconds .

========================================================================
Received Prepare
Registering precompiled user dll's ...
Registered in 0.000599 seconds.
Begin MonoManager ReloadAssembly
Native extension for WindowsStandalone target not found
Refreshing native plugins compatible for Editor in 0.39 ms, found 1 plugins.
Preloading 0 native plugins for Editor in 0.00 ms.
Invoked RoslynAnalysisRunner static constructor.
RoslynAnalysisRunner will not be running.
RoslynAnalysisRunner has terminated.
Mono: successfully reloaded assembly
- Completed reload, in  0.575 seconds
Platform modules already initialized, skipping
Refreshing native plugins compatible for Editor in 0.35 ms, found 1 plugins.
Preloading 0 native plugins for Editor in 0.00 ms.
Unloading 1804 Unused Serialized files (Serialized files now loaded: 0)
System memory in use before: 88.2 MB.
System memory in use after: 88.2 MB.

Unloading 12 unused Assets to reduce memory usage. Loaded Objects now: 2420.
Total: 2.064500 ms (FindLiveObjects: 0.288300 ms CreateObjectMapping: 0.046700 ms MarkObjects: 1.612400 ms  DeleteObjects: 0.116000 ms)

AssetImportWorkerClient::OnTransportError - code=2 error=End of file
