Using pre-set license
Built from '2020.3/staging' branch; Version is '2020.3.0f1 (c7b5465681fb) revision 13088070'; Using compiler version '192528614'; Build Type 'Release'
OS: 'Windows 10 Education; OS build 19042.928; Version 2009; 64bit' Language: 'ko' Physical Memory: 16295 MB
BatchMode: 1, IsHumanControllingUs: 0, StartBugReporterOnCrash: 0, Is64bit: 1, IsPro: 0

 COMMAND LINE ARGUMENTS:
C:\Program Files\Unity\Hub\Editor\2020.3.0f1\Editor\Unity.exe
-adb2
-batchMode
-noUpm
-name
AssetImportWorker0
-projectPath
C:/Users/User/Desktop/Bamsongi
-logFile
Logs/AssetImportWorker0.log
-srvPort
60664
Successfully changed project path to: C:/Users/User/Desktop/Bamsongi
C:/Users/User/Desktop/Bamsongi
Using Asset Import Pipeline V2.
Refreshing native plugins compatible for Editor in 19.61 ms, found 0 plugins.
Preloading 0 native plugins for Editor in 0.00 ms.
Initialize engine version: 2020.3.0f1 (c7b5465681fb)
[Subsystems] Discovering subsystems at path C:/Program Files/Unity/Hub/Editor/2020.3.0f1/Editor/Data/Resources/UnitySubsystems
[Subsystems] Discovering subsystems at path C:/Users/User/Desktop/Bamsongi/Assets
GfxDevice: creating device client; threaded=0
Direct3D:
    Version:  Direct3D 11.0 [level 11.1]
    Renderer: NVIDIA GeForce RTX 3060 Ti (ID=0x2486)
    Vendor:   
    VRAM:     8050 MB
    Driver:   27.21.14.6611
Initialize mono
Mono path[0] = 'C:/Program Files/Unity/Hub/Editor/2020.3.0f1/Editor/Data/Managed'
Mono path[1] = 'C:/Program Files/Unity/Hub/Editor/2020.3.0f1/Editor/Data/MonoBleedingEdge/lib/mono/unityjit'
Mono config path = 'C:/Program Files/Unity/Hub/Editor/2020.3.0f1/Editor/Data/MonoBleedingEdge/etc'
Using monoOptions --debugger-agent=transport=dt_socket,embedding=1,server=y,suspend=n,address=127.0.0.1:56888
Begin MonoManager ReloadAssembly
Registering precompiled unity dll's ...
Register platform support module: C:/Program Files/Unity/Hub/Editor/2020.3.0f1/Editor/Data/PlaybackEngines/WindowsStandaloneSupport/UnityEditor.WindowsStandalone.Extensions.dll
Registered in 0.001348 seconds.
Native extension for WindowsStandalone target not found
Refreshing native plugins compatible for Editor in 19.70 ms, found 0 plugins.
Preloading 0 native plugins for Editor in 0.00 ms.
Invoked RoslynAnalysisRunner static constructor.
RoslynAnalysisRunner will not be running.
RoslynAnalysisRunner has terminated.
Mono: successfully reloaded assembly
- Completed reload, in  1.475 seconds
Platform modules already initialized, skipping
Registering precompiled user dll's ...
Registered in 0.000491 seconds.
Begin MonoManager ReloadAssembly
Native extension for WindowsStandalone target not found
Refreshing native plugins compatible for Editor in 0.21 ms, found 0 plugins.
Preloading 0 native plugins for Editor in 0.00 ms.
Invoked RoslynAnalysisRunner static constructor.
RoslynAnalysisRunner will not be running.
RoslynAnalysisRunner has terminated.
Mono: successfully reloaded assembly
- Completed reload, in  0.563 seconds
Platform modules already initialized, skipping
========================================================================
Worker process is ready to serve import requests
Launched and connected shader compiler UnityShaderCompiler.exe after 0.03 seconds
Refreshing native plugins compatible for Editor in 0.33 ms, found 0 plugins.
Preloading 0 native plugins for Editor in 0.00 ms.
Unloading 1115 Unused Serialized files (Serialized files now loaded: 0)
System memory in use before: 69.0 MB.
System memory in use after: 69.1 MB.

Unloading 10 unused Assets to reduce memory usage. Loaded Objects now: 1576.
Total: 1.577700 ms (FindLiveObjects: 0.252700 ms CreateObjectMapping: 0.032000 ms MarkObjects: 1.209600 ms  DeleteObjects: 0.082600 ms)

========================================================================
Received Import Request.
  path: Assets/Prefabs/bamsongi.prefab
  artifactKey: Guid(4d86ae4b8058f6e47bf8d57e09f27a84) Importer(815301076,1909f56bfc062723c751e8b465ee728b)
Start importing Assets/Prefabs/bamsongi.prefab using Guid(4d86ae4b8058f6e47bf8d57e09f27a84) Importer(815301076,1909f56bfc062723c751e8b465ee728b)  -> (artifact id: '52ea2382555a07fa5fa29c6baf5ef446') in 0.067741 seconds
  Import took 0.069389 seconds .

========================================================================
Received Import Request.
  Time since last request: 614.112638 seconds.
  path: Assets/Scripts/Generator_Bamsongi.cs
  artifactKey: Guid(e775e46e0f684fa429c77aaf29033c02) Importer(815301076,1909f56bfc062723c751e8b465ee728b)
Start importing Assets/Scripts/Generator_Bamsongi.cs using Guid(e775e46e0f684fa429c77aaf29033c02) Importer(815301076,1909f56bfc062723c751e8b465ee728b)  -> (artifact id: '5044fa31ee16acd2183822bf9e0d1f5f') in 0.010291 seconds
  Import took 0.012313 seconds .

========================================================================
Received Import Request.
  Time since last request: 0.000953 seconds.
  path: Assets/Scripts/Generator_Bamsongi.cs
  artifactKey: Guid(e775e46e0f684fa429c77aaf29033c02) Importer(815301076,1909f56bfc062723c751e8b465ee728b)
Start importing Assets/Scripts/Generator_Bamsongi.cs using Guid(e775e46e0f684fa429c77aaf29033c02) Importer(815301076,1909f56bfc062723c751e8b465ee728b)  -> (artifact id: '5044fa31ee16acd2183822bf9e0d1f5f') in 0.001388 seconds
  Import took 0.002672 seconds .

========================================================================
Received Import Request.
  Time since last request: 0.449738 seconds.
  path: Assets/Scripts/Controller_Bamsongi.cs
  artifactKey: Guid(6e185823c1003ff41b44d0664116eaac) Importer(815301076,1909f56bfc062723c751e8b465ee728b)
Start importing Assets/Scripts/Controller_Bamsongi.cs using Guid(6e185823c1003ff41b44d0664116eaac) Importer(815301076,1909f56bfc062723c751e8b465ee728b)  -> (artifact id: 'e7fb0f9535657c8bf6756884237dbf18') in 0.005082 seconds
  Import took 0.006724 seconds .

AssetImportWorkerClient::OnTransportError - code=2 error=End of file
